[35m[Appium][39m Welcome to Appium v1.22.3
[35m[Appium][39m Non-default server args:
[35m[Appium][39m   port: 63081
[35m[Appium][39m   tmpDir: C:\Users\62851\AppData\Local\Temp\\Katalon\Appium\Temp1688377398456
[35m[Appium][39m   chromedriverPort: 63082
[35m[Appium][39m Deprecated server args:
[35m[Appium][39m   [31m--chromedriver-port[39m => --default-capabilities
[35m[Appium][39m Default capabilities, which will be added to each request unless overridden by desired capabilities:
[35m[Appium][39m   chromedriverPort: 63082
[35m[Appium][39m Appium REST http interface listener started on 0.0.0.0:63081
[35m[HTTP][39m [37m-->[39m [37mGET[39m [37m/wd/hub/status[39m
[35m[HTTP][39m [90m{}[39m
[debug] [35m[GENERIC][39m Calling AppiumDriver.getStatus() with args: []
[debug] [35m[GENERIC][39m Responding to client with driver.getStatus() result: {"build":{"version":"1.22.3"}}
[35m[HTTP][39m [37m<-- GET /wd/hub/status [39m[32m200[39m [90m6 ms - 68[39m
[35m[HTTP][39m [90m[39m
[35m[HTTP][39m [37m-->[39m [37mGET[39m [37m/wd/hub/status[39m
[35m[HTTP][39m [90m{}[39m
[debug] [35m[GENERIC][39m Calling AppiumDriver.getStatus() with args: []
[debug] [35m[GENERIC][39m Responding to client with driver.getStatus() result: {"build":{"version":"1.22.3"}}
[35m[HTTP][39m [37m<-- GET /wd/hub/status [39m[32m200[39m [90m1 ms - 68[39m
[35m[HTTP][39m [90m[39m
[35m[HTTP][39m [37m-->[39m [37mPOST[39m [37m/wd/hub/session[39m
[35m[HTTP][39m [90m{"desiredCapabilities":{"appActivity":".Settings","appPackage":"com.android.settings","newCommandTimeout":1800,"platformVersion":"12","automationName":"uiautomator2","autoGrantPermissions":true,"platformName":"Android","udid":"1f143258","deviceName":"Xiaomi M2007J20CG (Android 12)","platform":"ANDROID","systemPort":8210},"capabilities":{"firstMatch":[{"appium:appActivity":".Settings","appium:appPackage":"com.android.settings","appium:autoGrantPermissions":true,"appium:automationName":"uiautomator2","appium:deviceName":"Xiaomi M2007J20CG (Android 12)","appium:newCommandTimeout":1800,"platform":"ANDROID","platformName":"android","appium:platformVersion":"12","appium:systemPort":8210,"appium:udid":"1f143258"}]}}[39m
[debug] [35m[W3C][39m Calling AppiumDriver.createSession() with args: [{"appActivity":".Settings","appPackage":"com.android.settings","newCommandTimeout":1800,"platformVersion":"12","automationName":"uiautomator2","autoGrantPermissions":true,"platformName":"Android","udid":"1f143258","deviceName":"Xiaomi M2007J20CG (Android 12)","platform":"ANDROID","systemPort":8210},null,{"firstMatch":[{"appium:appActivity":".Settings","appium:appPackage":"com.android.settings","appium:autoGrantPermissions":true,"appium:automationName":"uiautomator2","appium:deviceName":"Xiaomi M2007J20CG (Android 12)","appium:newCommandTimeout":1800,"platform":"ANDROID","platformName":"android","appium:platformVersion":"12","appium:systemPort":8210,"appium:udid":"1f143258"}]}]
[debug] [35m[BaseDriver][39m Event 'newSessionRequested' logged at 1688377400318 (16:43:20 GMT+0700 (Indochina Time))
[35m[BaseDriver][39m The following capabilities are not standard capabilities and should have an extension prefix:
[35m[BaseDriver][39m   platform
[35m[BaseDriver][39m   chromedriverPort
[35m[Appium][39m Appium v1.22.3 creating new AndroidUiautomator2Driver (v1.70.1) session
[debug] [35m[BaseDriver][39m W3C capabilities and MJSONWP desired capabilities were provided
[debug] [35m[BaseDriver][39m Creating session with W3C capabilities: {
[debug] [35m[BaseDriver][39m   "alwaysMatch": {
[debug] [35m[BaseDriver][39m     "appium:platform": "ANDROID",
[debug] [35m[BaseDriver][39m     "platformName": "android",
[debug] [35m[BaseDriver][39m     "appium:chromedriverPort": 63082,
[debug] [35m[BaseDriver][39m     "appium:appActivity": ".Settings",
[debug] [35m[BaseDriver][39m     "appium:appPackage": "com.android.settings",
[debug] [35m[BaseDriver][39m     "appium:autoGrantPermissions": true,
[debug] [35m[BaseDriver][39m     "appium:automationName": "uiautomator2",
[debug] [35m[BaseDriver][39m     "appium:deviceName": "Xiaomi M2007J20CG (Android 12)",
[debug] [35m[BaseDriver][39m     "appium:newCommandTimeout": 1800,
[debug] [35m[BaseDriver][39m     "appium:platformVersion": "12",
[debug] [35m[BaseDriver][39m     "appium:systemPort": 8210,
[debug] [35m[BaseDriver][39m     "appium:udid": "1f143258"
[debug] [35m[BaseDriver][39m   },
[debug] [35m[BaseDriver][39m   "firstMatch": [
[debug] [35m[BaseDriver][39m     {}
[debug] [35m[BaseDriver][39m   ]
[debug] [35m[BaseDriver][39m }
[35m[BaseDriver][39m The following capabilities were provided, but are not recognized by Appium:
[35m[BaseDriver][39m   platform
[35m[BaseDriver][39m Session created with session id: 5b5bdf02-eded-4143-b16c-2db670ab2f07
[35m[UiAutomator2][39m Starting 'com.android.settings' directly on the device
[35m[ADB][39m Found 1 'build-tools' folders under 'C:\Users\62851\AppData\Local\Android\Sdk' (newest first):
[35m[ADB][39m     C:/Users/62851/AppData/Local/Android/Sdk/build-tools/33.0.0
[35m[ADB][39m Using 'adb.exe' from 'C:\Users\62851\AppData\Local\Android\Sdk\platform-tools\adb.exe'
[debug] [35m[ADB][39m Running 'C:\Users\62851\AppData\Local\Android\Sdk\platform-tools\adb.exe -P 5037 start-server'
[35m[AndroidDriver][39m Retrieving device list
[debug] [35m[ADB][39m Trying to find a connected android device
[debug] [35m[ADB][39m Getting connected devices
[debug] [35m[ADB][39m Connected devices: [{"udid":"1f143258","state":"device"}]
[35m[AndroidDriver][39m Using device: 1f143258
[35m[ADB][39m Using 'adb.exe' from 'C:\Users\62851\AppData\Local\Android\Sdk\platform-tools\adb.exe'
[debug] [35m[ADB][39m Running 'C:\Users\62851\AppData\Local\Android\Sdk\platform-tools\adb.exe -P 5037 start-server'
[debug] [35m[ADB][39m Setting device id to 1f143258
[debug] [35m[ADB][39m Running 'C:\Users\62851\AppData\Local\Android\Sdk\platform-tools\adb.exe -P 5037 -s 1f143258 shell getprop ro.build.version.sdk'
[debug] [35m[ADB][39m Current device property 'ro.build.version.sdk': 31
[35m[ADB][39m Getting device platform version
[debug] [35m[ADB][39m Running 'C:\Users\62851\AppData\Local\Android\Sdk\platform-tools\adb.exe -P 5037 -s 1f143258 shell getprop ro.build.version.release'
[debug] [35m[ADB][39m Current device property 'ro.build.version.release': 12
[debug] [35m[ADB][39m Device API level: 31
[35m[UiAutomator2][39m Relaxing hidden api policy
[debug] [35m[ADB][39m Running 'C:\Users\62851\AppData\Local\Android\Sdk\platform-tools\adb.exe -P 5037 -s 1f143258 shell 'settings put global hidden_api_policy_pre_p_apps 1;settings put global hidden_api_policy_p_apps 1;settings put global hidden_api_policy 1''
[35m[AndroidDriver][39m No app sent in, not parsing package/activity
[debug] [35m[ADB][39m Running 'C:\Users\62851\AppData\Local\Android\Sdk\platform-tools\adb.exe -P 5037 -s 1f143258 wait-for-device'
[debug] [35m[ADB][39m Running 'C:\Users\62851\AppData\Local\Android\Sdk\platform-tools\adb.exe -P 5037 -s 1f143258 shell echo ping'
[debug] [35m[AndroidDriver][39m Pushing settings apk to device...
[debug] [35m[ADB][39m Getting install status for io.appium.settings
[debug] [35m[ADB][39m Running 'C:\Users\62851\AppData\Local\Android\Sdk\platform-tools\adb.exe -P 5037 -s 1f143258 shell dumpsys package io.appium.settings'
[debug] [35m[ADB][39m 'io.appium.settings' is installed
[debug] [35m[ADB][39m Getting package info for 'io.appium.settings'
[debug] [35m[ADB][39m Running 'C:\Users\62851\AppData\Local\Android\Sdk\platform-tools\adb.exe -P 5037 -s 1f143258 shell dumpsys package io.appium.settings'
[debug] [35m[ADB][39m The version name of the installed 'io.appium.settings' is greater or equal to the application version name ('3.4.0' >= '3.4.0')
[debug] [35m[ADB][39m There is no need to install/upgrade 'C:\Users\62851\AppData\Roaming\npm\node_modules\appium\node_modules\io.appium.settings\apks\settings_apk-debug.apk'
[debug] [35m[ADB][39m Getting IDs of all 'io.appium.settings' processes
[debug] [35m[ADB][39m Running 'C:\Users\62851\AppData\Local\Android\Sdk\platform-tools\adb.exe -P 5037 -s 1f143258 shell 'pgrep --help; echo $?''
[debug] [35m[ADB][39m Running 'C:\Users\62851\AppData\Local\Android\Sdk\platform-tools\adb.exe -P 5037 -s 1f143258 shell pgrep -f \(\[\[:blank:\]\]\|\^\)io\.appium\.settings\(\[\[:blank:\]\]\|\$\)'
[debug] [35m[AndroidDriver][39m io.appium.settings is already running. There is no need to reset its permissions.
[debug] [35m[ADB][39m Running 'C:\Users\62851\AppData\Local\Android\Sdk\platform-tools\adb.exe -P 5037 -s 1f143258 shell appops set io.appium.settings android:mock_location allow'
[debug] [35m[Logcat][39m Starting logs capture with command: C:\\Users\\62851\\AppData\\Local\\Android\\Sdk\\platform-tools\\adb.exe -P 5037 -s 1f143258 logcat -v threadtime
[debug] [35m[UiAutomator2][39m Forwarding UiAutomator2 Server port 6790 to local port 8210
[debug] [35m[ADB][39m Forwarding system: 8210 to device: 6790
[debug] [35m[ADB][39m Running 'C:\Users\62851\AppData\Local\Android\Sdk\platform-tools\adb.exe -P 5037 -s 1f143258 forward tcp:8210 tcp:6790'
[debug] [35m[ADB][39m Getting install status for io.appium.uiautomator2.server
[debug] [35m[ADB][39m Running 'C:\Users\62851\AppData\Local\Android\Sdk\platform-tools\adb.exe -P 5037 -s 1f143258 shell dumpsys package io.appium.uiautomator2.server'
[debug] [35m[ADB][39m 'io.appium.uiautomator2.server' is installed
[debug] [35m[ADB][39m Getting package info for 'io.appium.uiautomator2.server'
[debug] [35m[ADB][39m Running 'C:\Users\62851\AppData\Local\Android\Sdk\platform-tools\adb.exe -P 5037 -s 1f143258 shell dumpsys package io.appium.uiautomator2.server'
[debug] [35m[ADB][39m The version name of the installed 'io.appium.uiautomator2.server' is greater or equal to the application version name ('4.27.0' >= '4.27.0')
[debug] [35m[UiAutomator2][39m io.appium.uiautomator2.server installation state: sameVersionInstalled
[debug] [35m[ADB][39m Checking app cert for C:\Users\62851\AppData\Roaming\npm\node_modules\appium\node_modules\appium-uiautomator2-server\apks\appium-uiautomator2-server-v4.27.0.apk
[35m[ADB][39m Using 'apksigner.jar' from 'C:\Users\62851\AppData\Local\Android\Sdk\build-tools\33.0.0\lib\apksigner.jar'
[debug] [35m[ADB][39m Starting apksigner: D:\\Katalon_Studio_PE\\Katalon_Studio_PE_Windows_64-8.5.2\\jre\\bin\\java.exe -Xmx1024M -Xss1m -jar C:\\Users\\62851\\AppData\\Local\\Android\\Sdk\\build-tools\\33.0.0\\lib\\apksigner.jar verify --print-certs C:\\Users\\62851\\AppData\\Roaming\\npm\\node_modules\\appium\\node_modules\\appium-uiautomator2-server\\apks\\appium-uiautomator2-server-v4.27.0.apk
[debug] [35m[ADB][39m apksigner stdout: Signer #1 certificate DN: EMAILADDRESS=android@android.com, CN=Android, OU=Android, O=Android, L=Mountain View, ST=California, C=US
[debug] [35m[ADB][39m Signer #1 certificate SHA-256 digest: a40da80a59d170caa950cf15c18c454d47a39b26989d8b640ecd745ba71bf5dc
[debug] [35m[ADB][39m Signer #1 certificate SHA-1 digest: 61ed377e85d386a8dfee6b864bd85b0bfaa5af81
[debug] [35m[ADB][39m Signer #1 certificate MD5 digest: e89b158e4bcf988ebd09eb83f5378e87
[debug] [35m[ADB][39m 
[debug] [35m[ADB][39m sha256 hash did match for 'appium-uiautomator2-server-v4.27.0.apk'
[35m[ADB][39m 'C:\Users\62851\AppData\Roaming\npm\node_modules\appium\node_modules\appium-uiautomator2-server\apks\appium-uiautomator2-server-v4.27.0.apk' is signed with the default certificate
[debug] [35m[ADB][39m Getting install status for io.appium.uiautomator2.server.test
[debug] [35m[ADB][39m Running 'C:\Users\62851\AppData\Local\Android\Sdk\platform-tools\adb.exe -P 5037 -s 1f143258 shell dumpsys package io.appium.uiautomator2.server.test'
[debug] [35m[ADB][39m 'io.appium.uiautomator2.server.test' is installed
[debug] [35m[ADB][39m Checking app cert for C:\Users\62851\AppData\Roaming\npm\node_modules\appium\node_modules\appium-uiautomator2-server\apks\appium-uiautomator2-server-debug-androidTest.apk
[debug] [35m[ADB][39m Starting apksigner: D:\\Katalon_Studio_PE\\Katalon_Studio_PE_Windows_64-8.5.2\\jre\\bin\\java.exe -Xmx1024M -Xss1m -jar C:\\Users\\62851\\AppData\\Local\\Android\\Sdk\\build-tools\\33.0.0\\lib\\apksigner.jar verify --print-certs C:\\Users\\62851\\AppData\\Roaming\\npm\\node_modules\\appium\\node_modules\\appium-uiautomator2-server\\apks\\appium-uiautomator2-server-debug-androidTest.apk
[debug] [35m[ADB][39m apksigner stdout: Signer #1 certificate DN: EMAILADDRESS=android@android.com, CN=Android, OU=Android, O=Android, L=Mountain View, ST=California, C=US
[debug] [35m[ADB][39m Signer #1 certificate SHA-256 digest: a40da80a59d170caa950cf15c18c454d47a39b26989d8b640ecd745ba71bf5dc
[debug] [35m[ADB][39m Signer #1 certificate SHA-1 digest: 61ed377e85d386a8dfee6b864bd85b0bfaa5af81
[debug] [35m[ADB][39m Signer #1 certificate MD5 digest: e89b158e4bcf988ebd09eb83f5378e87
[debug] [35m[ADB][39m 
[debug] [35m[ADB][39m sha256 hash did match for 'appium-uiautomator2-server-debug-androidTest.apk'
[35m[ADB][39m 'C:\Users\62851\AppData\Roaming\npm\node_modules\appium\node_modules\appium-uiautomator2-server\apks\appium-uiautomator2-server-debug-androidTest.apk' is signed with the default certificate
[35m[UiAutomator2][39m Server packages are not going to be (re)installed
[debug] [35m[UiAutomator2][39m Waiting up to 30000ms for services to be available
[debug] [35m[ADB][39m Running 'C:\Users\62851\AppData\Local\Android\Sdk\platform-tools\adb.exe -P 5037 -s 1f143258 shell pm list instrumentation'
[debug] [35m[UiAutomator2][39m Instrumentation target 'io.appium.uiautomator2.server.test/androidx.test.runner.AndroidJUnitRunner' is available
[35m[ADB][39m Adding packages ["io.appium.settings","io.appium.uiautomator2.server","io.appium.uiautomator2.server.test"] to Doze whitelist
[debug] [35m[ADB][39m Got the following command chunks to execute: [["dumpsys","deviceidle","whitelist","+io.appium.settings",";","dumpsys","deviceidle","whitelist","+io.appium.uiautomator2.server",";","dumpsys","deviceidle","whitelist","+io.appium.uiautomator2.server.test",";"]]
[debug] [35m[ADB][39m Running 'C:\Users\62851\AppData\Local\Android\Sdk\platform-tools\adb.exe -P 5037 -s 1f143258 shell dumpsys deviceidle whitelist +io.appium.settings ; dumpsys deviceidle whitelist +io.appium.uiautomator2.server ; dumpsys deviceidle whitelist +io.appium.uiautomator2.server.test ;'
[debug] [35m[UiAutomator2][39m No app capability. Assuming it is already on the device
[debug] [35m[ADB][39m Getting install status for com.android.settings
[debug] [35m[ADB][39m Running 'C:\Users\62851\AppData\Local\Android\Sdk\platform-tools\adb.exe -P 5037 -s 1f143258 shell dumpsys package com.android.settings'
[debug] [35m[ADB][39m 'com.android.settings' is installed
[debug] [35m[ADB][39m Running 'C:\Users\62851\AppData\Local\Android\Sdk\platform-tools\adb.exe -P 5037 -s 1f143258 shell am force-stop com.android.settings'
[debug] [35m[ADB][39m Running 'C:\Users\62851\AppData\Local\Android\Sdk\platform-tools\adb.exe -P 5037 -s 1f143258 shell pm clear com.android.settings'
[debug] [35m[ADB][39m Running 'C:\Users\62851\AppData\Local\Android\Sdk\platform-tools\adb.exe -P 5037 -s 1f143258 shell dumpsys package com.android.settings'
[debug] [35m[ADB][39m Retrieving requested permissions
[debug] [35m[ADB][39m Retrieved 382 permissions from requested group
[debug] [35m[ADB][39m Retrieving granted permissions
[debug] [35m[ADB][39m Retrieved 302 permissions from install,runtime groups
[debug] [35m[ADB][39m Granting permissions ["android.globallauncher.permission.READ_SETTINGS"] to 'com.android.settings'
[debug] [35m[ADB][39m Got the following command chunks to execute: [["pm","grant","com.android.settings","android.globallauncher.permission.READ_SETTINGS",";"]]
[debug] [35m[ADB][39m Running 'C:\Users\62851\AppData\Local\Android\Sdk\platform-tools\adb.exe -P 5037 -s 1f143258 shell pm grant com.android.settings android.globallauncher.permission.READ_SETTINGS ;'
[debug] [35m[AndroidDriver][39m Performed fast reset on the installed 'com.android.settings' application (stop and clear)
[debug] [35m[UiAutomator2][39m Performing shallow cleanup of automation leftovers
[debug] [35m[UiAutomator2][39m No obsolete sessions have been detected (socket hang up)
[debug] [35m[ADB][39m Running 'C:\Users\62851\AppData\Local\Android\Sdk\platform-tools\adb.exe -P 5037 -s 1f143258 shell am force-stop io.appium.uiautomator2.server.test'
[35m[UiAutomator2][39m Starting UIAutomator2 server 4.27.0
[35m[UiAutomator2][39m Using UIAutomator2 server from 'C:\Users\62851\AppData\Roaming\npm\node_modules\appium\node_modules\appium-uiautomator2-server\apks\appium-uiautomator2-server-v4.27.0.apk' and test from 'C:\Users\62851\AppData\Roaming\npm\node_modules\appium\node_modules\appium-uiautomator2-server\apks\appium-uiautomator2-server-debug-androidTest.apk'
[35m[UiAutomator2][39m Waiting up to 30000ms for UiAutomator2 to be online...
[debug] [35m[ADB][39m Creating ADB subprocess with args: ["-P",5037,"-s","1f143258","shell","am","instrument","-w","-e","disableAnalytics",true,"io.appium.uiautomator2.server.test/androidx.test.runner.AndroidJUnitRunner"]
[debug] [35m[WD Proxy][39m Matched '/status' to command name 'getStatus'
[debug] [35m[WD Proxy][39m Proxying [GET /status] to [GET http://127.0.0.1:8210/wd/hub/status] with no body
[35m[WD Proxy][39m socket hang up
[debug] [35m[WD Proxy][39m Matched '/status' to command name 'getStatus'
[debug] [35m[WD Proxy][39m Proxying [GET /status] to [GET http://127.0.0.1:8210/wd/hub/status] with no body
[35m[WD Proxy][39m socket hang up
[debug] [35m[WD Proxy][39m Matched '/status' to command name 'getStatus'
[debug] [35m[WD Proxy][39m Proxying [GET /status] to [GET http://127.0.0.1:8210/wd/hub/status] with no body
[35m[WD Proxy][39m socket hang up
[debug] [35m[WD Proxy][39m Matched '/status' to command name 'getStatus'
[debug] [35m[WD Proxy][39m Proxying [GET /status] to [GET http://127.0.0.1:8210/wd/hub/status] with no body
[35m[WD Proxy][39m socket hang up
[debug] [35m[Instrumentation][39m io.appium.uiautomator2.server.test.AppiumUiAutomator2Server:
[debug] [35m[WD Proxy][39m Matched '/status' to command name 'getStatus'
[debug] [35m[WD Proxy][39m Proxying [GET /status] to [GET http://127.0.0.1:8210/wd/hub/status] with no body
[35m[WD Proxy][39m socket hang up
[debug] [35m[WD Proxy][39m Matched '/status' to command name 'getStatus'
[debug] [35m[WD Proxy][39m Proxying [GET /status] to [GET http://127.0.0.1:8210/wd/hub/status] with no body
[debug] [35m[WD Proxy][39m Got response with status 200: {"sessionId":"None","value":{"message":"UiAutomator2 Server is ready to accept commands","ready":true}}
[debug] [35m[UiAutomator2][39m The initialization of the instrumentation process took 5116ms
[debug] [35m[WD Proxy][39m Matched '/session' to command name 'createSession'
[debug] [35m[WD Proxy][39m Proxying [POST /session] to [POST http://127.0.0.1:8210/wd/hub/session] with body: {"capabilities":{"firstMatch":[{"platform":"ANDROID","webStorageEnabled":false,"takesScreenshot":true,"javascriptEnabled":true,"databaseEnabled":false,"networkConnectionEnabled":true,"locationContextEnabled":false,"warnings":{},"desired":{"platformName":"android","platform":"ANDROID","chromedriverPort":63082,"appActivity":".Settings","appPackage":"com.android.settings","autoGrantPermissions":true,"automationName":"uiautomator2","deviceName":"Xiaomi M2007J20CG (Android 12)","newCommandTimeout":1800,"platformVersion":"12","systemPort":8210,"udid":"1f143258"},"platformName":"android","chromedriverPort":63082,"appActivity":".Settings","appPackage":"com.android.settings","autoGrantPermissions":true,"automationName":"uiautomator2","deviceName":"1f143258","newCommandTimeout":1800,"platformVersion":"12","systemPort":8210,"udid":"1f143258","deviceUDID":"1f143258"}],"alwaysMatch":{}}}
[debug] [35m[WD Proxy][39m Got response with status 200: {"sessionId":"d8625feb-5d9a-461d-ac97-4e24b3e6538a","value":{"capabilities":{"firstMatch":[{"platform":"ANDROID","webStorageEnabled":false,"takesScreenshot":true,"javascriptEnabled":true,"databaseEnabled":false,"networkConnectionEnabled":true,"locationContextEnabled":false,"warnings":{},"desired":{"platformName":"android","platform":"ANDROID","chromedriverPort":63082,"appActivity":".Settings","appPackage":"com.android.settings","autoGrantPermissions":true,"automationName":"uiautomator2","deviceName":"Xiaomi M2007J20CG (Android 12)","newCommandTimeout":1800,"platformVersion":"12","systemPort":8210,"udid":"1f143258"},"platformName":"android","chromedriverPort":63082,"appActivity":".Settings","appPackage":"com.android.settings","autoGrantPermissions":true,"automationName":"uiautomator2","deviceName":"1f143258","newCommandTimeout":1800,"platformVersion":"12","systemPort":8210,"udid":"1f143258","deviceUDID":"1f143258"}],"alwaysMatch":{}},"sessionId":"d8625feb-5d9a-461d-ac97-4e24b3e6538a"}}
[35m[WD Proxy][39m Determined the downstream protocol as 'W3C'
[debug] [35m[WD Proxy][39m Proxying [GET /appium/device/info] to [GET http://127.0.0.1:8210/wd/hub/session/d8625feb-5d9a-461d-ac97-4e24b3e6538a/appium/device/info] with no body
[debug] [35m[WD Proxy][39m Got response with status 200: {"sessionId":"d8625feb-5d9a-461d-ac97-4e24b3e6538a","value":{"androidId":"b31aee456679e2a5","apiVersion":"31","bluetooth":{"state":"OFF"},"brand":"POCO","carrierName":"3","displayDensity":440,"locale":"en_GB","manufacturer":"Xiaomi","model":"M2007J20CG","networks":[{"capabilities":{"SSID":null,"linkDownBandwidthKbps":29544,"linkUpstreamBandwidthKbps":3268,"networkCapabilities":"NET_CAPABILITY_NOT_METERED,NET_CAPABILITY_INTERNET,NET_CAPABILITY_NOT_RESTRICTED,NET_CAPABILITY_TRUSTED,NET_CAPABILITY_NOT_VPN,NET_CAPABILITY_VALIDATED,NET_CAPABILITY_NOT_ROAMING,NET_CAPABILITY_FOREGROUND,NET_CAPABILITY_NOT_CONGESTED,NET_CAPABILITY_NOT_SUSPENDED","signalStrength":-54,"transportTypes":"TRANSPORT_WIFI"},"detailedState":"CONNECTED","extraInfo":"","isAvailable":true,"isConnected":true,"isFailover":false,"isRoaming":false,"state":"CONNECTED","subtype":-1,"subtypeName":"","type":1,"typeName":"WIFI"},{"capabilities":{"SSID":null,"linkDownBandwidthKbps":5764,"linkUpstreamBandwidthKbps":15000,"networkCapabilities":"NET_CAPAB...
[debug] [35m[ADB][39m Running 'C:\Users\62851\AppData\Local\Android\Sdk\platform-tools\adb.exe -P 5037 -s 1f143258 shell dumpsys window'
[35m[AndroidDriver][39m Screen already unlocked, doing nothing
[35m[UiAutomator2][39m Starting 'com.android.settings/.Settings and waiting for 'com.android.settings/.Settings'
[debug] [35m[ADB][39m Running 'C:\Users\62851\AppData\Local\Android\Sdk\platform-tools\adb.exe -P 5037 -s 1f143258 shell am start -W -n com.android.settings/.Settings -S -a android.intent.action.MAIN -c android.intent.category.LAUNCHER -f 0x10200000'
[debug] [35m[WD Proxy][39m Proxying [GET /appium/device/pixel_ratio] to [GET http://127.0.0.1:8210/wd/hub/session/d8625feb-5d9a-461d-ac97-4e24b3e6538a/appium/device/pixel_ratio] with no body
[debug] [35m[WD Proxy][39m Got response with status 200: {"sessionId":"d8625feb-5d9a-461d-ac97-4e24b3e6538a","value":2.75}
[debug] [35m[WD Proxy][39m Matched '/appium/device/system_bars' to command name 'getSystemBars'
[debug] [35m[WD Proxy][39m Proxying [GET /appium/device/system_bars] to [GET http://127.0.0.1:8210/wd/hub/session/d8625feb-5d9a-461d-ac97-4e24b3e6538a/appium/device/system_bars] with no body
[debug] [35m[WD Proxy][39m Got response with status 200: {"sessionId":"d8625feb-5d9a-461d-ac97-4e24b3e6538a","value":{"statusBar":91}}
[debug] [35m[WD Proxy][39m Matched '/window/current/size' to command name 'getWindowSize'
[debug] [35m[WD Proxy][39m Proxying [GET /window/current/size] to [GET http://127.0.0.1:8210/wd/hub/session/d8625feb-5d9a-461d-ac97-4e24b3e6538a/window/current/size] with no body
[debug] [35m[WD Proxy][39m Got response with status 200: {"sessionId":"d8625feb-5d9a-461d-ac97-4e24b3e6538a","value":{"height":2265,"width":1080}}
[35m[Appium][39m New AndroidUiautomator2Driver session created successfully, session 5b5bdf02-eded-4143-b16c-2db670ab2f07 added to master session list
[debug] [35m[BaseDriver][39m Event 'newSessionStarted' logged at 1688377411024 (16:43:31 GMT+0700 (Indochina Time))
[debug] [35m[W3C (5b5bdf02)][39m Cached the protocol value 'W3C' for the new session 5b5bdf02-eded-4143-b16c-2db670ab2f07
[debug] [35m[W3C (5b5bdf02)][39m Responding to client with driver.createSession() result: {"capabilities":{"platform":"ANDROID","webStorageEnabled":false,"takesScreenshot":true,"javascriptEnabled":true,"databaseEnabled":false,"networkConnectionEnabled":true,"locationContextEnabled":false,"warnings":{},"desired":{"platformName":"android","platform":"ANDROID","chromedriverPort":63082,"appActivity":".Settings","appPackage":"com.android.settings","autoGrantPermissions":true,"automationName":"uiautomator2","deviceName":"Xiaomi M2007J20CG (Android 12)","newCommandTimeout":1800,"platformVersion":"12","systemPort":8210,"udid":"1f143258"},"platformName":"android","chromedriverPort":63082,"appActivity":".Settings","appPackage":"com.android.settings","autoGrantPermissions":true,"automationName":"uiautomator2","deviceName":"1f143258","newCommandTimeout":1800,"platformVersion":"12","systemPort":8210,"udid":"1f143258","deviceUDID":"1f143258","deviceApiLevel":31,"deviceScreenSize":"1080x2400","deviceScreenDensity":440,"deviceModel":"M2007J20CG","deviceManufacturer":"Xiaomi","pixelRatio":2.75,"statBarHeight":9...
[35m[HTTP][39m [37m<-- POST /wd/hub/session [39m[32m200[39m [90m10708 ms - 1147[39m
[35m[HTTP][39m [90m[39m
[35m[HTTP][39m [37m-->[39m [37mGET[39m [37m/wd/hub/session/5b5bdf02-eded-4143-b16c-2db670ab2f07[39m
[35m[HTTP][39m [90m{}[39m
[debug] [35m[W3C (5b5bdf02)][39m Calling AppiumDriver.getSession() with args: ["5b5bdf02-eded-4143-b16c-2db670ab2f07"]
[debug] [35m[UiAutomator2][39m Getting session details from server to mix in
[debug] [35m[WD Proxy][39m Matched '/' to command name 'getSession'
[debug] [35m[WD Proxy][39m Proxying [GET /] to [GET http://127.0.0.1:8210/wd/hub/session/d8625feb-5d9a-461d-ac97-4e24b3e6538a] with no body
[debug] [35m[WD Proxy][39m Got response with status 200: {"sessionId":"d8625feb-5d9a-461d-ac97-4e24b3e6538a","value":{"lastScrollData":null}}
[debug] [35m[W3C (5b5bdf02)][39m Responding to client with driver.getSession() result: {"platform":"ANDROID","webStorageEnabled":false,"takesScreenshot":true,"javascriptEnabled":true,"databaseEnabled":false,"networkConnectionEnabled":true,"locationContextEnabled":false,"warnings":{},"desired":{"platformName":"android","platform":"ANDROID","chromedriverPort":63082,"appActivity":".Settings","appPackage":"com.android.settings","autoGrantPermissions":true,"automationName":"uiautomator2","deviceName":"Xiaomi M2007J20CG (Android 12)","newCommandTimeout":1800,"platformVersion":"12","systemPort":8210,"udid":"1f143258"},"platformName":"android","chromedriverPort":63082,"appActivity":".Settings","appPackage":"com.android.settings","autoGrantPermissions":true,"automationName":"uiautomator2","deviceName":"1f143258","newCommandTimeout":1800,"platformVersion":"12","systemPort":8210,"udid":"1f143258","deviceUDID":"1f143258","deviceApiLevel":31,"deviceScreenSize":"1080x2400","deviceScreenDensity":440,"deviceModel":"M2007J20CG","deviceManufacturer":"Xiaomi","pixelRatio":2.75,"statBarHeight":91,"viewportRect"...
[35m[HTTP][39m [37m<-- GET /wd/hub/session/5b5bdf02-eded-4143-b16c-2db670ab2f07 [39m[32m200[39m [90m14 ms - 1101[39m
[35m[HTTP][39m [90m[39m
[35m[HTTP][39m [37m-->[39m [37mGET[39m [37m/wd/hub/session/5b5bdf02-eded-4143-b16c-2db670ab2f07[39m
[35m[HTTP][39m [90m{}[39m
[debug] [35m[W3C (5b5bdf02)][39m Calling AppiumDriver.getSession() with args: ["5b5bdf02-eded-4143-b16c-2db670ab2f07"]
[debug] [35m[UiAutomator2][39m Getting session details from server to mix in
[debug] [35m[WD Proxy][39m Matched '/' to command name 'getSession'
[debug] [35m[WD Proxy][39m Proxying [GET /] to [GET http://127.0.0.1:8210/wd/hub/session/d8625feb-5d9a-461d-ac97-4e24b3e6538a] with no body
[debug] [35m[WD Proxy][39m Got response with status 200: {"sessionId":"d8625feb-5d9a-461d-ac97-4e24b3e6538a","value":{"lastScrollData":null}}
[debug] [35m[W3C (5b5bdf02)][39m Responding to client with driver.getSession() result: {"platform":"ANDROID","webStorageEnabled":false,"takesScreenshot":true,"javascriptEnabled":true,"databaseEnabled":false,"networkConnectionEnabled":true,"locationContextEnabled":false,"warnings":{},"desired":{"platformName":"android","platform":"ANDROID","chromedriverPort":63082,"appActivity":".Settings","appPackage":"com.android.settings","autoGrantPermissions":true,"automationName":"uiautomator2","deviceName":"Xiaomi M2007J20CG (Android 12)","newCommandTimeout":1800,"platformVersion":"12","systemPort":8210,"udid":"1f143258"},"platformName":"android","chromedriverPort":63082,"appActivity":".Settings","appPackage":"com.android.settings","autoGrantPermissions":true,"automationName":"uiautomator2","deviceName":"1f143258","newCommandTimeout":1800,"platformVersion":"12","systemPort":8210,"udid":"1f143258","deviceUDID":"1f143258","deviceApiLevel":31,"deviceScreenSize":"1080x2400","deviceScreenDensity":440,"deviceModel":"M2007J20CG","deviceManufacturer":"Xiaomi","pixelRatio":2.75,"statBarHeight":91,"viewportRect"...
[35m[HTTP][39m [37m<-- GET /wd/hub/session/5b5bdf02-eded-4143-b16c-2db670ab2f07 [39m[32m200[39m [90m9 ms - 1101[39m
[35m[HTTP][39m [90m[39m
[35m[HTTP][39m [37m-->[39m [37mGET[39m [37m/wd/hub/status[39m
[35m[HTTP][39m [90m{}[39m
[debug] [35m[GENERIC][39m Calling AppiumDriver.getStatus() with args: []
[debug] [35m[GENERIC][39m Responding to client with driver.getStatus() result: {"build":{"version":"1.22.3"}}
[35m[HTTP][39m [37m<-- GET /wd/hub/status [39m[32m200[39m [90m1 ms - 68[39m
[35m[HTTP][39m [90m[39m
[35m[HTTP][39m [37m-->[39m [37mPOST[39m [37m/wd/hub/session/5b5bdf02-eded-4143-b16c-2db670ab2f07/timeouts[39m
[35m[HTTP][39m [90m{"implicit":60000}[39m
[debug] [35m[W3C (5b5bdf02)][39m Calling AppiumDriver.timeouts() with args: [null,null,null,null,60000,"5b5bdf02-eded-4143-b16c-2db670ab2f07"]
[debug] [35m[BaseDriver][39m W3C timeout argument: {"implicit":60000}}
[debug] [35m[BaseDriver][39m Set implicit wait to 60000ms
[debug] [35m[W3C (5b5bdf02)][39m Responding to client with driver.timeouts() result: null
[35m[HTTP][39m [37m<-- POST /wd/hub/session/5b5bdf02-eded-4143-b16c-2db670ab2f07/timeouts [39m[32m200[39m [90m2 ms - 14[39m
[35m[HTTP][39m [90m[39m
[35m[HTTP][39m [37m-->[39m [37mGET[39m [37m/wd/hub/session/5b5bdf02-eded-4143-b16c-2db670ab2f07/screenshot[39m
[35m[HTTP][39m [90m{}[39m
[debug] [35m[W3C (5b5bdf02)][39m Calling AppiumDriver.getScreenshot() with args: ["5b5bdf02-eded-4143-b16c-2db670ab2f07"]
[debug] [35m[WD Proxy][39m Matched '/screenshot' to command name 'getScreenshot'
[debug] [35m[WD Proxy][39m Proxying [GET /screenshot] to [GET http://127.0.0.1:8210/wd/hub/session/d8625feb-5d9a-461d-ac97-4e24b3e6538a/screenshot] with no body
[debug] [35m[WD Proxy][39m Got response with status 200: {"sessionId":"d8625feb-5d9a-461d-ac97-4e24b3e6538a","value":"iVBORw0KGgoAAAANSUhEUgAABDgAAAlgCAYAAABtGofVAAAAAXNSR0IArs4c6QAAAARzQklUCAgI\nCHwIZIgAACAASURBVHic7N15XJT13v/x9wzDIouyiyIigisqpqgZ7lpqmpbacbkrKSsz61fmseV0\nurNjp7TTXT262zxlaXUqy5Pt6UlNc0nTXMJcQUUQEQFFVllmfn9wMzmyb+Klr+fj0SPn4lo+jDDO\n9Z7v9/M1SbIJdWaxWBQUFKSAgAD5+/vL29tbLVq0kKenp9zd3eXq6ipnZ2eZTKamLhUAAAAA0ESs\nVquKiop0/vx55eXlKTs7W1lZWcrMzFRGRoZOnTqltLQ02WzcoteVpakLMIoOHTqoY8eOCg8PV/v2\n7dWuXTuFhIQoJCREAQEBTV0eAAAAAMDgTpw4oRMnTigxMVHHjh3TkSNHFB8fr/j4eB07dqypy7vs\nmcQIjnLatm2rqKgoRUVFqXv37oqMjFTXrl0ZhQEAAAAAuOTy8/O1f/9+7d27V3Fxcfrtt9+0a9cu\nnT59uqlLu6wQcEgKDAxUv3791LdvX/Xp00e9evViVAYAAAAA4LKVnJys7du3a8eOHfrll1+0detW\n5eTkNHVZTeqqDTg6dOigwYMHa8CAAYqJiVFERERTlwQAAAAAQJ3ExcVp06ZN2rhxo3766SedOHGi\nqUu65K6qgCMsLEzDhg3TsGHDNHToULVq1aqpSwIAAAAAoEEdPnxY69ev17p167R27dqrZirLFR9w\nWCwWjR49WqNGjdINN9zASA0AAAAAwFVj9+7dWr16tVatWqX169c3dTmN6ooNOMLDwzV27FiNGTNG\n119/fVOXAwAAAABAkzl//ry+/fZbffvtt/rmm2+UlpbW1CU1uCsu4IiOjtYtt9yim2++WV27dm3q\ncgAAAAAAuKz8/PPP+vLLL/XF...
[debug] [35m[W3C (5b5bdf02)][39m Responding to client with driver.getScreenshot() result: "iVBORw0KGgoAAAANSUhEUgAABDgAAAlgCAYAAABtGofVAAAAAXNSR0IArs4c6QAAAARzQklUCAgI\nCHwIZIgAACAASURBVHic7N15XJT13v/x9wzDIouyiyIigisqpqgZ7lpqmpbacbkrKSsz61fmseV0\nurNjp7TTXT262zxlaXUqy5Pt6UlNc0nTXMJcQUUQEQFFVllmfn9wMzmyb+Klr+fj0SPn4lo+jDDO\n9Z7v9/M1SbIJdWaxWBQUFKSAgAD5+/vL29tbLVq0kKenp9zd3eXq6ipnZ2eZTKamLhUAAAAA0ESs\nVquKiop0/vx55eXlKTs7W1lZWcrMzFRGRoZOnTqltLQ02WzcoteVpakLMIoOHTqoY8eOCg8PV/v2\n7dWuXTuFhIQoJCREAQEBTV0eAAAAAMDgTpw4oRMnTigxMVHHjh3TkSNHFB8fr/j4eB07dqypy7vs\nmcQIjnLatm2rqKgoRUVFqXv37oqMjFTXrl0ZhQEAAAAAuOTy8/O1f/9+7d27V3Fxcfrtt9+0a9cu\nnT59uqlLu6wQcEgKDAxUv3791LdvX/Xp00e9evViVAYAAAAA4LKVnJys7du3a8eOHfrll1+0detW\n5eTkNHVZTeqqDTg6dOigwYMHa8CAAYqJiVFERERTlwQAAAAAQJ3ExcVp06ZN2rhxo3766SedOHGi\nqUu65K6qgCMsLEzDhg3TsGHDNHToULVq1aqpSwIAAAAAoEEdPnxY69ev17p167R27dqrZirLFR9w\nWCwWjR49WqNGjdINN9zASA0AAAAAwFVj9+7dWr16tVatWqX169c3dTmN6ooNOMLDwzV27FiNGTNG\n119/fVOXAwAAAABAkzl//ry+/fZbffvtt/rmm2+UlpbW1CU1uCsu4IiOjtYtt9yim2++WV27dm3q\ncgAAAAAAuKz8/PPP+vLLL/XFF1/o4MGDTV1Og7liAo4BAwZo0qRJmjhxotq0adPU5QAAAAAAcFn7\n/fff9f...
[35m[HTTP][39m [37m<-- GET /wd/hub/session/5b5bdf02-eded-4143-b16c-2db670ab2f07/screenshot [39m[32m200[39m [90m394 ms - 319382[39m
[35m[HTTP][39m [90m[39m
[35m[HTTP][39m [37m-->[39m [37mGET[39m [37m/wd/hub/session/5b5bdf02-eded-4143-b16c-2db670ab2f07/window/rect[39m
[35m[HTTP][39m [90m{}[39m
[debug] [35m[W3C (5b5bdf02)][39m Calling AppiumDriver.getWindowRect() with args: ["5b5bdf02-eded-4143-b16c-2db670ab2f07"]
[debug] [35m[WD Proxy][39m Matched '/window/current/size' to command name 'getWindowSize'
[debug] [35m[WD Proxy][39m Proxying [GET /window/current/size] to [GET http://127.0.0.1:8210/wd/hub/session/d8625feb-5d9a-461d-ac97-4e24b3e6538a/window/current/size] with no body
[debug] [35m[WD Proxy][39m Got response with status 200: {"sessionId":"d8625feb-5d9a-461d-ac97-4e24b3e6538a","value":{"height":2265,"width":1080}}
[debug] [35m[W3C (5b5bdf02)][39m Responding to client with driver.getWindowRect() result: {"width":1080,"height":2265,"x":0,"y":0}
[35m[HTTP][39m [37m<-- GET /wd/hub/session/5b5bdf02-eded-4143-b16c-2db670ab2f07/window/rect [39m[32m200[39m [90m16 ms - 50[39m
[35m[HTTP][39m [90m[39m
[35m[HTTP][39m [37m-->[39m [37mGET[39m [37m/wd/hub/session/5b5bdf02-eded-4143-b16c-2db670ab2f07/appium/device/system_bars[39m
[35m[HTTP][39m [90m{}[39m
[debug] [35m[W3C (5b5bdf02)][39m Calling AppiumDriver.getSystemBars() with args: ["5b5bdf02-eded-4143-b16c-2db670ab2f07"]
[debug] [35m[ADB][39m Running 'C:\Users\62851\AppData\Local\Android\Sdk\platform-tools\adb.exe -P 5037 -s 1f143258 shell dumpsys window windows'
[debug] [35m[W3C (5b5bdf02)][39m Responding to client with driver.getSystemBars() result: {"statusBar":{"visible":true,"x":0,"y":0,"width":null,"height":1},"navigationBar":{"visible":true,"x":0,"y":0,"width":null,"height":1}}
[35m[HTTP][39m [37m<-- GET /wd/hub/session/5b5bdf02-eded-4143-b16c-2db670ab2f07/appium/device/system_bars [39m[32m200[39m [90m64 ms - 145[39m
[35m[HTTP][39m [90m[39m
[35m[HTTP][39m [37m-->[39m [37mPOST[39m [37m/wd/hub/session/5b5bdf02-eded-4143-b16c-2db670ab2f07/appium/device/activate_app[39m
[35m[HTTP][39m [90m{"bundleId":"com.goorita.uhhmobile_apps"}[39m
[debug] [35m[W3C (5b5bdf02)][39m Calling AppiumDriver.activateApp() with args: ["com.goorita.uhhmobile_apps",null,null,null,"5b5bdf02-eded-4143-b16c-2db670ab2f07"]
[debug] [35m[AndroidDriver][39m Activating 'com.goorita.uhhmobile_apps' with 'adb shell monkey -p com.goorita.uhhmobile_apps -c android.intent.category.LAUNCHER 1' command
[debug] [35m[ADB][39m Running 'C:\Users\62851\AppData\Local\Android\Sdk\platform-tools\adb.exe -P 5037 -s 1f143258 shell monkey -p com.goorita.uhhmobile_apps -c android.intent.category.LAUNCHER 1'
[debug] [35m[AndroidDriver][39m Command stdout: bash arg: -p
[debug] [35m[AndroidDriver][39m   bash arg: com.goorita.uhhmobile_apps
[debug] [35m[AndroidDriver][39m   bash arg: -c
[debug] [35m[AndroidDriver][39m   bash arg: android.intent.category.LAUNCHER
[debug] [35m[AndroidDriver][39m   bash arg: 1
[debug] [35m[AndroidDriver][39m Events injected: 1
[debug] [35m[AndroidDriver][39m ## Network stats: elapsed time=33ms (0ms mobile, 0ms wifi, 33ms not connected)
[debug] [35m[W3C (5b5bdf02)][39m Responding to client with driver.activateApp() result: null
[35m[HTTP][39m [37m<-- POST /wd/hub/session/5b5bdf02-eded-4143-b16c-2db670ab2f07/appium/device/activate_app [39m[32m200[39m [90m3241 ms - 14[39m
[35m[HTTP][39m [90m[39m
[35m[HTTP][39m [37m-->[39m [37mGET[39m [37m/wd/hub/session/5b5bdf02-eded-4143-b16c-2db670ab2f07/source[39m
[35m[HTTP][39m [90m{}[39m
[35m[W3C (5b5bdf02)][39m Driver proxy active, passing request on via HTTP proxy
[debug] [35m[WD Proxy][39m Matched '/wd/hub/session/5b5bdf02-eded-4143-b16c-2db670ab2f07/source' to command name 'getPageSource'
[debug] [35m[WD Proxy][39m Proxying [GET /wd/hub/session/5b5bdf02-eded-4143-b16c-2db670ab2f07/source] to [GET http://127.0.0.1:8210/wd/hub/session/d8625feb-5d9a-461d-ac97-4e24b3e6538a/source] with no body
[debug] [35m[WD Proxy][39m Got response with status 200: {"sessionId":"d8625feb-5d9a-461d-ac97-4e24b3e6538a","value":"<?xml version='1.0' encoding='UTF-8' standalone='yes' ?>\r\n<hierarchy index=\"0\" class=\"hierarchy\" rotation=\"0\" width=\"1080\" height=\"2265\">\r\n  <android.widget.FrameLayout index=\"0\" package=\"com.goorita.uhhmobile_apps\" class=\"android.widget.FrameLayout\" text=\"\" checkable=\"false\" checked=\"false\" clickable=\"false\" enabled=\"true\" focusable=\"false\" focused=\"false\" long-clickable=\"false\" password=\"false\" scrollable=\"false\" selected=\"false\" bounds=\"[0,0][1080,2265]\" displayed=\"true\">\r\n    <android.widget.LinearLayout index=\"0\" package=\"com.goorita.uhhmobile_apps\" class=\"android.widget.LinearLayout\" text=\"\" checkable=\"false\" checked=\"false\" clickable=\"false\" enabled=\"true\" focusable=\"false\" focused=\"false\" long-clickable=\"false\" password=\"false\" scrollable=\"false\" selected=\"false\" bounds=\"[0,0][1080,2265]\" displayed=\"true\">\r\n      <android.widget.FrameLayout index=\"0\" packa...
[35m[WD Proxy][39m Replacing sessionId d8625feb-5d9a-461d-ac97-4e24b3e6538a with 5b5bdf02-eded-4143-b16c-2db670ab2f07
[35m[HTTP][39m [37m<-- GET /wd/hub/session/5b5bdf02-eded-4143-b16c-2db670ab2f07/source [39m[32m200[39m [90m495 ms - 14458[39m
[35m[HTTP][39m [90m[39m
[35m[HTTP][39m [37m-->[39m [37mGET[39m [37m/wd/hub/session/5b5bdf02-eded-4143-b16c-2db670ab2f07/screenshot[39m
[35m[HTTP][39m [90m{}[39m
[debug] [35m[W3C (5b5bdf02)][39m Calling AppiumDriver.getScreenshot() with args: ["5b5bdf02-eded-4143-b16c-2db670ab2f07"]
[debug] [35m[WD Proxy][39m Matched '/screenshot' to command name 'getScreenshot'
[debug] [35m[WD Proxy][39m Proxying [GET /screenshot] to [GET http://127.0.0.1:8210/wd/hub/session/d8625feb-5d9a-461d-ac97-4e24b3e6538a/screenshot] with no body
[debug] [35m[WD Proxy][39m Got response with status 200: {"sessionId":"d8625feb-5d9a-461d-ac97-4e24b3e6538a","value":"iVBORw0KGgoAAAANSUhEUgAABDgAAAlgCAYAAABtGofVAAAAAXNSR0IArs4c6QAAAARzQklUCAgI\nCHwIZIgAACAASURBVHic7N13eJRlvj7we1p67wVSSEgChBJaaCEQBSKRKiLYdkWPvYCia1ldy+px\nV93f6jmue9xdu4CrUqQXCRhq6CRAAimkzKRMepuZTPv9kc3IMJPJJJlkGHJ/rotL5pn3fd5vEjLO\ne89TBAD0oB6LiopCeHg4wsLCEBgYCF9fX3h7e8PDwwNubm5wcnKCk5MTxGIxBAIBBAKBvUsmIiIi\nIiIiO9HpdNDpdNBoNFCpVFAoFGhra0NzczPq6+tRV1eHyspKSKVSlJaWorGx0d4lOxyxvQu40UVF\nRSExMRHDhw9HZGQkwsLCEBQUBL2euRARERERERHZnkAgQGtrKyorK1FWVoaioiLk5eXh3LlzUKlU\n9i7vhiUAR3AYSU5Oxvjx4zFq1CjExMTAxcXF3iURERERERERQSwWo6ysDHl5eTh//jyys7Mhk8ns\nXdYNY9AHHDExMUhJScHEiRMxcuRITiUhIiIiIiIihyAUClFZWYlz587h6NGjyMzMtHdJdjUoA44x\nY8YgLS0NycnJCA0N5XQTIiIiIiIicnh6vR6nT59GVlYWdu7cifb2dnuXNKAGTcARERGB22+/HTNn\nzkRwcLC9yyEiIiIiIiLqN0KhEMeOHcO+ffuwd+9ee5czIG76gGPBggW47bbbMHr0aGg0GnuXQ0RE\nRERERDSgmpubkZmZic2bN6O4uNje5fSbmzLg8Pf3x8qVKzFv3jx4eHjYuxwiIiIiIiIiu5NIJDh5\n8iQ2b96MAwcO2Lscm7upAo7hw4cbgo3BNteIiIiIiIiIyFplZWXYvHkzNm7caO9SbOamCDgSEhJw\n//33IzU1lcEGERERERERkZVq...
[debug] [35m[W3C (5b5bdf02)][39m Responding to client with driver.getScreenshot() result: "iVBORw0KGgoAAAANSUhEUgAABDgAAAlgCAYAAABtGofVAAAAAXNSR0IArs4c6QAAAARzQklUCAgI\nCHwIZIgAACAASURBVHic7N13eJRlvj7we1p67wVSSEgChBJaaCEQBSKRKiLYdkWPvYCia1ldy+px\nV93f6jmue9xdu4CrUqQXCRhq6CRAAimkzKRMepuZTPv9kc3IMJPJJJlkGHJ/rotL5pn3fd5vEjLO\ne89TBAD0oB6LiopCeHg4wsLCEBgYCF9fX3h7e8PDwwNubm5wcnKCk5MTxGIxBAIBBAKBvUsmIiIi\nIiIiO9HpdNDpdNBoNFCpVFAoFGhra0NzczPq6+tRV1eHyspKSKVSlJaWorGx0d4lOxyxvQu40UVF\nRSExMRHDhw9HZGQkwsLCEBQUBL2euRARERERERHZnkAgQGtrKyorK1FWVoaioiLk5eXh3LlzUKlU\n9i7vhiUAR3AYSU5Oxvjx4zFq1CjExMTAxcXF3iURERERERERQSwWo6ysDHl5eTh//jyys7Mhk8ns\nXdYNY9AHHDExMUhJScHEiRMxcuRITiUhIiIiIiIihyAUClFZWYlz587h6NGjyMzMtHdJdjUoA44x\nY8YgLS0NycnJCA0N5XQTIiIiIiIicnh6vR6nT59GVlYWdu7cifb2dnuXNKAGTcARERGB22+/HTNn\nzkRwcLC9yyEiIiIiIiLqN0KhEMeOHcO+ffuwd+9ee5czIG76gGPBggW47bbbMHr0aGg0GnuXQ0RE\nRERERDSgmpubkZmZic2bN6O4uNje5fSbmzLg8Pf3x8qVKzFv3jx4eHjYuxwiIiIiIiIiu5NIJDh5\n8iQ2b96MAwcO2Lscm7upAo7hw4cbgo3BNteIiIiIiIiIyFplZWXYvHkzNm7caO9SbOamCDgSEhJw\n//33IzU1lcEGERERERERkZVqamrw448/YsOGDfYupc8cOuCIjIzEQw89hNmzZ0OtVtu7HCIiIiIi\nIiKHJJ...
[35m[HTTP][39m [37m<-- GET /wd/hub/session/5b5bdf02-eded-4143-b16c-2db670ab2f07/screenshot [39m[32m200[39m [90m444 ms - 201992[39m
[35m[HTTP][39m [90m[39m
[35m[HTTP][39m [37m-->[39m [37mGET[39m [37m/wd/hub/session/5b5bdf02-eded-4143-b16c-2db670ab2f07/source[39m
[35m[HTTP][39m [90m{}[39m
[35m[W3C (5b5bdf02)][39m Driver proxy active, passing request on via HTTP proxy
[debug] [35m[WD Prox[35m[HTTP][39m [37m-->[39m [37mDELETE[39m [37m/wd/hub/session/dbb7445f-bfa1-4379-a23e-e960a96723a6[39m
[35m[HTTP][39m [90m{}[39m
[debug] [35m[W3C (dbb7445f)][39m Calling AppiumDriver.deleteSession() with args: ["dbb7445f-bfa1-4379-a23e-e960a96723a6"]
[debug] [35m[BaseDriver][39m Event 'quitSessionRequested' logged at 1688377512743 (16:45:12 GMT+0700 (Indochina Time))
[35m[Appium][39m Removing session dbb7445f-bfa1-4379-a23e-e960a96723a6 from our master session list
[debug] [35m[UiAutomator2][39m Deleting UiAutomator2 session
[debug] [35m[UiAutomator2][39m Deleting UiAutomator2 server session
[35m[UiAutomator2][39m Did not get confirmation UiAutomator2 deleteSession worked; Error was: UnknownError: An unknown server-side error occurred while processing the command. Original error: 'DELETE /' cannot be proxied to UiAutomator2 server because the instrumentation process is not running (probably crashed). Check the server log and/or the logcat output for more details
[debug] [35m[ADB][39m Running 'C:\Users\62851\AppData\Local\Android\Sdk\platform-tools\adb.exe -P 5037 -s 1f143258 shell am force-stop com.android.settings'
[debug] [35m[Logcat][39m Stopping logcat capture
[debug] [35m[ADB][39m Removing forwarded port socket connection: 8260 
[debug] [35m[ADB][39m Running 'C:\Users\62851\AppData\Local\Android\Sdk\platform-tools\adb.exe -P 5037 -s 1f143258 forward --remove tcp:8260'
[35m[UiAutomator2][39m Restoring hidden api policy to the device default configuration
[debug] [35m[ADB][39m Running 'C:\Users\62851\AppData\Local\Android\Sdk\platform-tools\adb.exe -P 5037 -s 1f143258 shell 'settings delete global hidden_api_policy_pre_p_apps;settings delete global hidden_api_policy_p_apps;settings delete global hidden_api_policy''
[debug] [35m[BaseDriver][39m Event 'quitSessionFinished' logged at 1688377513108 (16:45:13 GMT+0700 (Indochina Time))
[debug] [35m[W3C (dbb7445f)][39m Received response: null
[debug] [35m[W3C (dbb7445f)][39m But deleting session, so not returning
[debug] [35m[W3C (dbb7445f)][39m Responding to client with driver.deleteSession() result: null
[35m[HTTP][39m [37m<-- DELETE /wd/hub/session/dbb7445f-bfa1-4379-a23e-e960a96723a6 [39m[32m200[39m [90m373 ms - 14[39m
[35m[HTTP][39m [90m[39m
-4e24b3e6538a","value":"iVBORw0KGgoAAAANSUhEUgAABDgAAAlgCAYAAABtGofVAAAAAXNSR0IArs4c6QAAAARzQklUCAgI\nCHwIZIgAACAASURBVHic7N15fNTVvf/x98xkJxtZSEJYEgIk7Jvsq1EgEhFQRLS2t2KvrdXbuqDF\nLt6qbW9ba3dv+7PuC9hqQVE2URbDvksCBLIggYQsJCRknWQy8/uDm5FhJskkJMGB1/Px4FHmzPd7\nvieDmc73Ped8jmHz5s02AQAAAAAAeDDj1R4AAAAAAADAlSLgAAAAAAAAHo+AAwAAAAAAeDwCDgAA\nAAAA4PEIOAAAAAAAgMcj4AAAAAAAAB6PgAMAAAAAAHg8Ag4AAAAAAODxCDgAAAAAAIDHI+AAAAAA\nAAAej4ADAAAAAAB4PAIOAAAAAADg8Qg4AAAAAACAxyPgAAAAAAAAHo+AAwAAAAAAeDwCDgAAAAAA\n4PEIOAAAAAAAgMcj4AAAAAAAAB6PgAMAAAAAAHg8Ag4AAAAAAODxCDgAAAAAAIDHI+AAAAAAAAAe\nj4ADAAAAAAB4PAIOAAAAAADg8Qg4AAAAAACAxyPgAAAAAAAAHo+AAwAAAAAAeDwCDgAAAAAA4PEI\nOAAAAAAAgMcj4AAAAAAAAB6PgAMAAAAAAHg8Ag4AAAAAAODxCDgAAAAAAIDHI+AAAAAAAAAej4AD\nAAAAAAB4PAIOAAAAAADg8Qg4AAAAAACAxyPgAAAAAAAAHo+AAwAAAAAAeDwCDgAAAAAA4PEIOAAA\nAAAAgMcj4AAAAAAAAB6PgAMAAAAAAHg8r6s9AOB6kJ+fL0mKjY2VJNXW1ionJ0f5+fnKzs5Wfn6+\namtr1b9/f0nSsGHDNHbsWPn7+7s8HwAAALjW1dTUaO/evTpw4ICysrJUVFSk6urqTr1mt27dFBUV\npQEDBmj06NEaO3asAgICOvWa...
[debug] [35m[W3C (5b5bdf02)][39m Responding to client with driver.getScreenshot() result: "iVBORw0KGgoAAAANSUhEUgAABDgAAAlgCAYAAABtGofVAAAAAXNSR0IArs4c6QAAAARzQklUCAgI\nCHwIZIgAACAASURBVHic7N15fNTVvf/x98xkJxtZSEJYEgIk7Jvsq1EgEhFQRLS2t2KvrdXbuqDF\nLt6qbW9ba3dv+7PuC9hqQVE2URbDvksCBLIggYQsJCRknWQy8/uDm5FhJskkJMGB1/Px4FHmzPd7\nvieDmc73Ped8jmHz5s02AQAAAAAAeDDj1R4AAAAAAADAlSLgAAAAAAAAHo+AAwAAAAAAeDwCDgAA\nAAAA4PEIOAAAAAAAgMcj4AAAAAAAAB6PgAMAAAAAAHg8Ag4AAAAAAODxCDgAAAAAAIDHI+AAAAAA\nAAAej4ADAAAAAAB4PAIOAAAAAADg8Qg4AAAAAACAxyPgAAAAAAAAHo+AAwAAAAAAeDwCDgAAAAAA\n4PEIOAAAAAAAgMcj4AAAAAAAAB6PgAMAAAAAAHg8Ag4AAAAAAODxCDgAAAAAAIDHI+AAAAAAAAAe\nj4ADAAAAAAB4PAIOAAAAAADg8Qg4AAAAAACAxyPgAAAAAAAAHo+AAwAAAAAAeDwCDgAAAAAA4PEI\nOAAAAAAAgMcj4AAAAAAAAB6PgAMAAAAAAHg8Ag4AAAAAAODxCDgAAAAAAIDHI+AAAAAAAAAej4AD\nAAAAAAB4PAIOAAAAAADg8Qg4AAAAAACAxyPgAAAAAAAAHo+AAwAAAAAAeDwCDgAAAAAA4PEIOAAA\nAAAAgMcj4AAAAAAAAB6PgAMAAAAAAHg8r6s9AOB6kJ+fL0mKjY2VJNXW1ionJ0f5+fnKzs5Wfn6+\namtr1b9/f0nSsGHDNHbsWPn7+7s8HwAAALjW1dTUaO/evTpw4ICysrJUVFSk6urqTr1mt27dFBUV\npQEDBmj06NEaO3asAgICOvWa7srPz+d+oBWGzZs32672IAB35ebm6r333tOhQ4dUUVGhhIQEjR8/\nXnfccY...
[35m[HTTP][39m [37m<-- GET /wd/hub/session/5b5bdf02-eded-4143-b16c-2db670ab2f07/screenshot [39m[32m200[39m [90m458 ms - 195090[39m
[35m[HTTP][39m [90m[39m
[35m[HTTP][39m [37m-->[39m [37mPOST[39m [37m/wd/hub/session/5b5bdf02-eded-4143-b16c-2db670ab2f07/elements[39m
[35m[HTTP][39m [90m{"using":"xpath","value":"//*[@class = 'android.widget.CheckBox' and @resource-id = '' and (@text = '' or . = '')]"}[39m
[debug] [35m[W3C (5b5bdf02)][39m Calling AppiumDriver.findElements() with args: ["xpath","//*[@class = 'android.widget.CheckBox' and @resource-id = '' and (@text = '' or . = '')]","5b5bdf02-eded-4143-b16c-2db670ab2f07"]
[debug] [35m[BaseDriver][39m Valid locator strategies for this request: xpath, id, class name, accessibility id, css selector, -android uiautomator
[debug] [35m[BaseDriver][39m Waiting up to 60000 ms for condition
[debug] [35m[WD Proxy][39m Matched '/elements' to command name 'findElements'
[debug] [35m[WD Proxy][39m Proxying [POST /elements] to [POST http://127.0.0.1:8210/wd/hub/session/d8625feb-5d9a-461d-ac97-4e24b3e6538a/elements] with body: {"strategy":"xpath","selector":"//*[@class = 'android.widget.CheckBox' and @resource-id = '' and (@text = '' or . = '')]","context":"","multiple":true}
[debug] [35m[WD Proxy][39m Got response with status 200: {"sessionId":"d8625feb-5d9a-461d-ac97-4e24b3e6538a","value":[{"ELEMENT":"00000000-0000-0802-0000-00cb00000003","element-6066-11e4-a52e-4f735466cecf":"00000000-0000-0802-0000-00cb00000003"},{"ELEMENT":"00000000-0000-0802-0000-00cd00000003","element-6066-11e4-a52e-4f735466cecf":"00000000-0000-0802-0000-00cd00000003"},{"ELEMENT":"00000000-0000-0802-0000-00cf00000003","element-6066-11e4-a52e-4f735466cecf":"00000000-0000-0802-0000-00cf00000003"},{"ELEMENT":"00000000-0000-0802-0000-00d100000003","element-6066-11e4-a52e-4f735466cecf":"00000000-0000-0802-0000-00d100000003"}]}
[debug] [35m[W3C (5b5bdf02)][39m Responding to client with driver.findElements() result: [{"element-6066-11e4-a52e-4f735466cecf":"00000000-0000-0802-0000-00cb00000003","ELEMENT":"00000000-0000-0802-0000-00cb00000003"},{"element-6066-11e4-a52e-4f735466cecf":"00000000-0000-0802-0000-00cd00000003","ELEMENT":"00000000-0000-0802-0000-00cd00000003"},{"element-6066-11e4-a52e-4f735466cecf":"00000000-0000-0802-0000-00cf00000003","ELEMENT":"00000000-0000-0802-0000-00cf00000003"},{"element-6066-11e4-a52e-4f735466cecf":"00000000-0000-0802-0000-00d100000003","ELEMENT":"00000000-0000-0802-0000-00d100000003"}]
[35m[HTTP][39m [37m<-- POST /wd/hub/session/5b5bdf02-eded-4143-b16c-2db670ab2f07/elements [39m[32m200[39m [90m246 ms - 523[39m
[35m[HTTP][39m [90m[39m
[35m[HTTP][39m [37m-->[39m [37mPOST[39m [37m/wd/hub/session/5b5bdf02-eded-4143-b16c-2db670ab2f07/elements[39m
[35m[HTTP][39m [90m{"using":"accessibility id","value":"PIRT (Pangan Industri Rumah Tangga)"}[39m
[debug] [35m[W3C (5b5bdf02)][39m Calling AppiumDriver.findElements() with args: ["accessibility id","PIRT (Pangan Industri Rumah Tangga)","5b5bdf02-eded-4143-b16c-2db670ab2f07"]
[debug] [35m[BaseDriver][39m Valid locator strategies for this request: xpath, id, class name, accessibility id, css selector, -android uiautomator
[debug] [35m[BaseDriver][39m Waiting up to 60000 ms for condition
[debug] [35m[WD Proxy][39m Matched '/elements' to command name 'findElements'
[debug] [35m[WD Proxy][39m Proxying [POST /elements] to [POST http://127.0.0.1:8210/wd/hub/session/d8625feb-5d9a-461d-ac97-4e24b3e6538a/elements] with body: {"strategy":"accessibility id","selector":"PIRT (Pangan Industri Rumah Tangga)","context":"","multiple":true}
[debug] [35m[WD Proxy][39m Got response with status 200: {"sessionId":"d8625feb-5d9a-461d-ac97-4e24b3e6538a","value":[{"ELEMENT":"00000000-0000-0802-0000-00cb00000003","element-6066-11e4-a52e-4f735466cecf":"00000000-0000-0802-0000-00cb00000003"}]}
[debug] [35m[W3C (5b5bdf02)][39m Responding to client with driver.findElements() result: [{"element-6066-11e4-a52e-4f735466cecf":"00000000-0000-0802-0000-00cb00000003","ELEMENT":"00000000-0000-0802-0000-00cb00000003"}]
[35m[HTTP][39m [37m<-- POST /wd/hub/session/5b5bdf02-eded-4143-b16c-2db670ab2f07/elements [39m[32m200[39m [90m55 ms - 139[39m
[35m[HTTP][39m [90m[39m
[35m[HTTP][39m [37m-->[39m [37mDELETE[39m [37m/wd/hub/session/5b5bdf02-eded-4143-b16c-2db670ab2f07[39m
[35m[HTTP][39m [90m{}[39m
[debug] [35m[W3C (5b5bdf02)][39m Calling AppiumDriver.deleteSession() with args: ["5b5bdf02-eded-4143-b16c-2db670ab2f07"]
[debug] [35m[BaseDriver][39m Event 'quitSessionRequested' logged at 1688377498720 (16:44:58 GMT+0700 (Indochina Time))
[35m[Appium][39m Removing session 5b5bdf02-eded-4143-b16c-2db670ab2f07 from our master session list
[debug] [35m[UiAutomator2][39m Deleting UiAutomator2 session
[debug] [35m[UiAutomator2][39m Deleting UiAutomator2 server session
[debug] [35m[WD Proxy][39m Matched '/' to command name 'deleteSession'
[debug] [35m[WD Proxy][39m Proxying [DELETE /] to [DELETE http://127.0.0.1:8210/wd/hub/session/d8625feb-5d9a-461d-ac97-4e24b3e6538a] with no body
[debug] [35m[WD Proxy][39m Got response with status 200: {"sessionId":"d8625feb-5d9a-461d-ac97-4e24b3e6538a","value":null}
[debug] [35m[ADB][39m Running 'C:\Users\62851\AppData\Local\Android\Sdk\platform-tools\adb.exe -P 5037 -s 1f143258 shell am force-stop com.android.settings'
[debug] [35m[Logcat][39m Stopping logcat capture
[debug] [35m[ADB][39m Removing forwarded port socket connection: 8210 
[debug] [35m[ADB][39m Running 'C:\Users\62851\AppData\Local\Android\Sdk\platform-tools\adb.exe -P 5037 -s 1f143258 forward --remove tcp:8210'
[35m[UiAutomator2][39m Restoring hidden api policy to the device default configuration
[debug] [35m[ADB][39m Running 'C:\Users\62851\AppData\Local\Android\Sdk\platform-tools\adb.exe -P 5037 -s 1f143258 shell 'settings delete global hidden_api_policy_pre_p_apps;settings delete global hidden_api_policy_p_apps;settings delete global hidden_api_policy''
[debug] [35m[BaseDriver][39m Event 'quitSessionFinished' logged at 1688377499151 (16:44:59 GMT+0700 (Indochina Time))
[debug] [35m[W3C (5b5bdf02)][39m Received response: null
[debug] [35m[W3C (5b5bdf02)][39m But deleting session, so not returning
[debug] [35m[W3C (5b5bdf02)][39m Responding to client with driver.deleteSession() result: null
[35m[HTTP][39m [37m<-- DELETE /wd/hub/session/5b5bdf02-eded-4143-b16c-2db670ab2f07 [39m[32m200[39m [90m435 ms - 14[39m
[35m[HTTP][39m [90m[39m
